<?xml version="1.0" encoding="UTF-8"?>
<testng-results ignored="0" total="1" passed="1" failed="0" skipped="0">
  <reporter-output>
  </reporter-output>
  <suite started-at="2025-07-02T11:58:14 IST" name="Default suite" finished-at="2025-07-02T11:58:45 IST" duration-ms="31631">
    <groups>
    </groups>
    <test started-at="2025-07-02T11:58:14 IST" name="Default test" finished-at="2025-07-02T11:58:45 IST" duration-ms="31631">
      <class name="com.tests.HotelsTabClickTest">
        <test-method signature="verifyHotelsTab()[pri:0, instance:com.tests.HotelsTabClickTest@2f4948e4]" started-at="2025-07-02T11:58:14 IST" name="verifyHotelsTab" finished-at="2025-07-02T11:58:45 IST" duration-ms="31498" status="PASS">
          <reporter-output>
          </reporter-output>
        </test-method> <!-- verifyHotelsTab -->
      </class> <!-- com.tests.HotelsTabClickTest -->
    </test> <!-- Default test -->
  </suite> <!-- Default suite -->
</testng-results>
