<?xml version="1.0" encoding="UTF-8"?>
<testng-results ignored="0" total="1" passed="1" failed="0" skipped="0">
  <reporter-output>
  </reporter-output>
  <suite started-at="2025-07-08T16:11:53 IST" name="Default suite" finished-at="2025-07-08T16:12:33 IST" duration-ms="40090">
    <groups>
      <group name="cucumber">
        <method signature="AbstractTestNGCucumberTests.runScenario(io.cucumber.testng.PickleWrapper,io.cucumber.testng.FeatureWrapper)[pri:0, instance:com.runner.TestRunnerWithTestNG@f79e]" name="runScenario" class="io.cucumber.testng.AbstractTestNGCucumberTests"/>
      </group> <!-- cucumber -->
    </groups>
    <test started-at="2025-07-08T16:11:53 IST" name="Default test" finished-at="2025-07-08T16:12:33 IST" duration-ms="40090">
      <class name="com.runner.TestRunnerWithTestNG">
        <test-method is-config="true" signature="setUpClass(org.testng.ITestContext)[pri:0, instance:com.runner.TestRunnerWithTestNG@f79e]" started-at="2025-07-08T16:11:53 IST" name="setUpClass" finished-at="2025-07-08T16:11:55 IST" duration-ms="2462" status="PASS">
          <params>
            <param index="0">
              <value>
                <![CDATA[org.testng.TestRunner@1b4a3a1]]>
              </value>
            </param>
          </params>
          <reporter-output>
          </reporter-output>
        </test-method> <!-- setUpClass -->
        <test-method signature="runScenario(io.cucumber.testng.PickleWrapper,io.cucumber.testng.FeatureWrapper)[pri:0, instance:com.runner.TestRunnerWithTestNG@f79e]" started-at="2025-07-08T16:11:55 IST" name="runScenario" description="Runs Cucumber Scenarios" data-provider="scenarios" finished-at="2025-07-08T16:12:31 IST" duration-ms="35391" status="PASS">
          <params>
            <param index="0">
              <value>
                <![CDATA["User fills the hotel search form and clicks Search"]]>
              </value>
            </param>
            <param index="1">
              <value>
                <![CDATA["Ixigo Hotels Module"]]>
              </value>
            </param>
          </params>
          <reporter-output>
          </reporter-output>
        </test-method> <!-- runScenario -->
        <test-method is-config="true" signature="tearDownClass()[pri:0, instance:com.runner.TestRunnerWithTestNG@f79e]" started-at="2025-07-08T16:12:31 IST" name="tearDownClass" finished-at="2025-07-08T16:12:33 IST" duration-ms="2094" status="PASS">
          <reporter-output>
          </reporter-output>
        </test-method> <!-- tearDownClass -->
      </class> <!-- com.runner.TestRunnerWithTestNG -->
    </test> <!-- Default test -->
  </suite> <!-- Default suite -->
</testng-results>
