<?xml version="1.0" encoding="UTF-8"?>
<testng-results ignored="0" total="5" passed="3" failed="2" skipped="0">
  <reporter-output>
  </reporter-output>
  <suite started-at="2025-07-11T14:36:01 IST" name="Default suite" finished-at="2025-07-11T14:37:37 IST" duration-ms="95501">
    <groups>
      <group name="cucumber">
        <method signature="AbstractTestNGCucumberTests.runScenario(io.cucumber.testng.PickleWrapper,io.cucumber.testng.FeatureWrapper)[pri:0, instance:com.runner.TestRunnerTestNG@4f32a3ad]" name="runScenario" class="io.cucumber.testng.AbstractTestNGCucumberTests"/>
      </group> <!-- cucumber -->
    </groups>
    <test started-at="2025-07-11T14:36:01 IST" name="Default test" finished-at="2025-07-11T14:37:37 IST" duration-ms="95501">
      <class name="com.runner.TestRunnerTestNG">
        <test-method is-config="true" signature="setUpClass(org.testng.ITestContext)[pri:0, instance:com.runner.TestRunnerTestNG@4f32a3ad]" started-at="2025-07-11T14:36:01 IST" name="setUpClass" finished-at="2025-07-11T14:36:02 IST" duration-ms="963" status="PASS">
          <params>
            <param index="0">
              <value>
                <![CDATA[org.testng.TestRunner@6921cfa]]>
              </value>
            </param>
          </params>
          <reporter-output>
          </reporter-output>
        </test-method> <!-- setUpClass -->
        <test-method signature="runScenario(io.cucumber.testng.PickleWrapper,io.cucumber.testng.FeatureWrapper)[pri:0, instance:com.runner.TestRunnerTestNG@4f32a3ad]" started-at="2025-07-11T14:36:02 IST" name="runScenario" description="Runs Cucumber Scenarios" data-provider="scenarios" finished-at="2025-07-11T14:36:17 IST" duration-ms="14989" status="PASS">
          <params>
            <param index="0">
              <value>
                <![CDATA["Search one-way flight with valid details"]]>
              </value>
            </param>
            <param index="1">
              <value>
                <![CDATA["Ixigo Flight Search Module"]]>
              </value>
            </param>
          </params>
          <reporter-output>
          </reporter-output>
        </test-method> <!-- runScenario -->
        <test-method signature="runScenario(io.cucumber.testng.PickleWrapper,io.cucumber.testng.FeatureWrapper)[pri:0, instance:com.runner.TestRunnerTestNG@4f32a3ad]" started-at="2025-07-11T14:36:17 IST" name="runScenario" description="Runs Cucumber Scenarios" data-provider="scenarios" finished-at="2025-07-11T14:36:37 IST" duration-ms="19365" status="PASS">
          <params>
            <param index="0">
              <value>
                <![CDATA["Search round-trip flight with valid details"]]>
              </value>
            </param>
            <param index="1">
              <value>
                <![CDATA["Ixigo Flight Search Module"]]>
              </value>
            </param>
          </params>
          <reporter-output>
          </reporter-output>
        </test-method> <!-- runScenario -->
        <test-method signature="runScenario(io.cucumber.testng.PickleWrapper,io.cucumber.testng.FeatureWrapper)[pri:0, instance:com.runner.TestRunnerTestNG@4f32a3ad]" started-at="2025-07-11T14:36:37 IST" name="runScenario" description="Runs Cucumber Scenarios" data-provider="scenarios" finished-at="2025-07-11T14:36:58 IST" duration-ms="21410" status="PASS">
          <params>
            <param index="0">
              <value>
                <![CDATA["Validate error when same city is entered in From and To field"]]>
              </value>
            </param>
            <param index="1">
              <value>
                <![CDATA["Ixigo Flight Search Module"]]>
              </value>
            </param>
          </params>
          <reporter-output>
          </reporter-output>
        </test-method> <!-- runScenario -->
        <test-method signature="runScenario(io.cucumber.testng.PickleWrapper,io.cucumber.testng.FeatureWrapper)[pri:0, instance:com.runner.TestRunnerTestNG@4f32a3ad]" started-at="2025-07-11T14:36:58 IST" name="runScenario" description="Runs Cucumber Scenarios" data-provider="scenarios" finished-at="2025-07-11T14:37:18 IST" duration-ms="20315" status="FAIL">
          <params>
            <param index="0">
              <value>
                <![CDATA["User applies airline filter"]]>
              </value>
            </param>
            <param index="1">
              <value>
                <![CDATA["Ixigo Flight Search Module"]]>
              </value>
            </param>
          </params>
          <exception class="org.openqa.selenium.TimeoutException">
            <message>
              <![CDATA[Expected condition failed: waiting for element to be clickable: Proxy element for: DefaultElementLocator 'By.xpath: //p[contains(text(),"Pune International Airport")]' (tried for 10 second(s) with 500 milliseconds interval)]]>
            </message>
            <full-stacktrace>
              <![CDATA[org.openqa.selenium.TimeoutException: Expected condition failed: waiting for element to be clickable: Proxy element for: DefaultElementLocator 'By.xpath: //p[contains(text(),"Pune International Airport")]' (tried for 10 second(s) with 500 milliseconds interval)
at org.openqa.selenium.support.ui.WebDriverWait.timeoutException(WebDriverWait.java:84)
at org.openqa.selenium.support.ui.FluentWait.until(FluentWait.java:228)
at com.pages.BasePage.fromData(BasePage.java:76)
at com.stepDefinition.FlightTest.user_enters_source_and_destination_with_date_and_clicks_on_search(FlightTest.java:185)
at ✽.User enters source and destination with date and clicks on search(file:///C:/Sprint-workspace/ixigo/src/test/resource/Features/Flight.feature:35)
Caused by: org.openqa.selenium.NoSuchElementException: no such element: Unable to locate element: {"method":"xpath","selector":"//p[contains(text(),"Pune International Airport")]"}
  (Session info: chrome=138.0.7204.101)
For documentation on this error, please visit: https://www.selenium.dev/documentation/webdriver/troubleshooting/errors#no-such-element-exception
Build info: version: '4.33.0', revision: '2c6aaad03a'
System info: os.name: 'Windows 11', os.arch: 'amd64', os.version: '10.0', java.version: '17.0.15'
Driver info: org.openqa.selenium.chrome.ChromeDriver
Command: [35fc505da4ca82c297df65bb54a213d3, findElement {value=//p[contains(text(),"Pune International Airport")], using=xpath}]
Capabilities {acceptInsecureCerts: false, browserName: chrome, browserVersion: 138.0.7204.101, chrome: {chromedriverVersion: 138.0.7204.94 (545025748884..., userDataDir: C:\Users\GAKULKAR\AppData\L...}, fedcm:accounts: true, goog:chromeOptions: {debuggerAddress: localhost:58585}, networkConnectionEnabled: false, pageLoadStrategy: normal, platformName: windows, proxy: Proxy(), se:cdp: ws://localhost:58585/devtoo..., se:cdpVersion: 138.0.7204.101, setWindowRect: true, strictFileInteractability: false, timeouts: {implicit: 0, pageLoad: 300000, script: 30000}, unhandledPromptBehavior: dismiss and notify, webauthn:extension:credBlob: true, webauthn:extension:largeBlob: true, webauthn:extension:minPinLength: true, webauthn:extension:prf: true, webauthn:virtualAuthenticators: true}
Session ID: 35fc505da4ca82c297df65bb54a213d3
at jdk.internal.reflect.GeneratedConstructorAccessor20.newInstance(Unknown Source)
at java.base/jdk.internal.reflect.DelegatingConstructorAccessorImpl.newInstance(DelegatingConstructorAccessorImpl.java:45)
at java.base/java.lang.reflect.Constructor.newInstanceWithCaller(Constructor.java:500)
at java.base/java.lang.reflect.Constructor.newInstance(Constructor.java:481)
at org.openqa.selenium.remote.ErrorCodec.decode(ErrorCodec.java:167)
at org.openqa.selenium.remote.codec.w3c.W3CHttpResponseCodec.decode(W3CHttpResponseCodec.java:138)
at org.openqa.selenium.remote.codec.w3c.W3CHttpResponseCodec.decode(W3CHttpResponseCodec.java:50)
at org.openqa.selenium.remote.HttpCommandExecutor.execute(HttpCommandExecutor.java:215)
at org.openqa.selenium.remote.service.DriverCommandExecutor.invokeExecute(DriverCommandExecutor.java:216)
at org.openqa.selenium.remote.service.DriverCommandExecutor.execute(DriverCommandExecutor.java:174)
at org.openqa.selenium.remote.RemoteWebDriver.execute(RemoteWebDriver.java:544)
at org.openqa.selenium.remote.ElementLocation$ElementFinder$2.findElement(ElementLocation.java:165)
at org.openqa.selenium.remote.ElementLocation.findElement(ElementLocation.java:59)
at org.openqa.selenium.remote.RemoteWebDriver.findElement(RemoteWebDriver.java:367)
at org.openqa.selenium.remote.RemoteWebDriver.findElement(RemoteWebDriver.java:361)
at org.openqa.selenium.support.pagefactory.DefaultElementLocator.findElement(DefaultElementLocator.java:68)
at org.openqa.selenium.support.pagefactory.internal.LocatingElementHandler.invoke(LocatingElementHandler.java:38)
at jdk.proxy2/jdk.proxy2.$Proxy25.isDisplayed(Unknown Source)
at org.openqa.selenium.support.ui.ExpectedConditions.elementIfVisible(ExpectedConditions.java:304)
at org.openqa.selenium.support.ui.ExpectedConditions$10.apply(ExpectedConditions.java:290)
at org.openqa.selenium.support.ui.ExpectedConditions$10.apply(ExpectedConditions.java:287)
at org.openqa.selenium.support.ui.ExpectedConditions$23.apply(ExpectedConditions.java:656)
at org.openqa.selenium.support.ui.ExpectedConditions$23.apply(ExpectedConditions.java:652)
at org.openqa.selenium.support.ui.FluentWait.until(FluentWait.java:203)
... 3 more
]]>
            </full-stacktrace>
          </exception> <!-- org.openqa.selenium.TimeoutException -->
          <reporter-output>
          </reporter-output>
        </test-method> <!-- runScenario -->
        <test-method signature="runScenario(io.cucumber.testng.PickleWrapper,io.cucumber.testng.FeatureWrapper)[pri:0, instance:com.runner.TestRunnerTestNG@4f32a3ad]" started-at="2025-07-11T14:37:18 IST" name="runScenario" description="Runs Cucumber Scenarios" data-provider="scenarios" finished-at="2025-07-11T14:37:36 IST" duration-ms="17175" status="FAIL">
          <params>
            <param index="0">
              <value>
                <![CDATA["Validate partial text in From and To fields should show suggestions"]]>
              </value>
            </param>
            <param index="1">
              <value>
                <![CDATA["Ixigo Flight Search Module"]]>
              </value>
            </param>
          </params>
          <exception class="org.openqa.selenium.NoSuchSessionException">
            <message>
              <![CDATA[invalid session id: session deleted as the browser has closed the connection
from disconnected: not connected to DevTools
  (Session info: chrome=138.0.7204.101)
Build info: version: '4.33.0', revision: '2c6aaad03a'
System info: os.name: 'Windows 11', os.arch: 'amd64', os.version: '10.0', java.version: '17.0.15'
Driver info: org.openqa.selenium.chrome.ChromeDriver
Command: [806deffb85bfa9b27e8f3e5718066cb9, findElement {value=//span[contains(text(),'Pune')], using=xpath}]
Capabilities {acceptInsecureCerts: false, browserName: chrome, browserVersion: 138.0.7204.101, chrome: {chromedriverVersion: 138.0.7204.94 (545025748884..., userDataDir: C:\Users\GAKULKAR\AppData\L...}, fedcm:accounts: true, goog:chromeOptions: {debuggerAddress: localhost:58687}, networkConnectionEnabled: false, pageLoadStrategy: normal, platformName: windows, proxy: Proxy(), se:cdp: ws://localhost:58687/devtoo..., se:cdpVersion: 138.0.7204.101, setWindowRect: true, strictFileInteractability: false, timeouts: {implicit: 0, pageLoad: 300000, script: 30000}, unhandledPromptBehavior: dismiss and notify, webauthn:extension:credBlob: true, webauthn:extension:largeBlob: true, webauthn:extension:minPinLength: true, webauthn:extension:prf: true, webauthn:virtualAuthenticators: true}
Session ID: 806deffb85bfa9b27e8f3e5718066cb9]]>
            </message>
            <full-stacktrace>
              <![CDATA[org.openqa.selenium.NoSuchSessionException: invalid session id: session deleted as the browser has closed the connection
from disconnected: not connected to DevTools
  (Session info: chrome=138.0.7204.101)
Build info: version: '4.33.0', revision: '2c6aaad03a'
System info: os.name: 'Windows 11', os.arch: 'amd64', os.version: '10.0', java.version: '17.0.15'
Driver info: org.openqa.selenium.chrome.ChromeDriver
Command: [806deffb85bfa9b27e8f3e5718066cb9, findElement {value=//span[contains(text(),'Pune')], using=xpath}]
Capabilities {acceptInsecureCerts: false, browserName: chrome, browserVersion: 138.0.7204.101, chrome: {chromedriverVersion: 138.0.7204.94 (545025748884..., userDataDir: C:\Users\GAKULKAR\AppData\L...}, fedcm:accounts: true, goog:chromeOptions: {debuggerAddress: localhost:58687}, networkConnectionEnabled: false, pageLoadStrategy: normal, platformName: windows, proxy: Proxy(), se:cdp: ws://localhost:58687/devtoo..., se:cdpVersion: 138.0.7204.101, setWindowRect: true, strictFileInteractability: false, timeouts: {implicit: 0, pageLoad: 300000, script: 30000}, unhandledPromptBehavior: dismiss and notify, webauthn:extension:credBlob: true, webauthn:extension:largeBlob: true, webauthn:extension:minPinLength: true, webauthn:extension:prf: true, webauthn:virtualAuthenticators: true}
Session ID: 806deffb85bfa9b27e8f3e5718066cb9
at java.base/jdk.internal.reflect.NativeConstructorAccessorImpl.newInstance0(Native Method)
at java.base/jdk.internal.reflect.NativeConstructorAccessorImpl.newInstance(NativeConstructorAccessorImpl.java:77)
at java.base/jdk.internal.reflect.DelegatingConstructorAccessorImpl.newInstance(DelegatingConstructorAccessorImpl.java:45)
at java.base/java.lang.reflect.Constructor.newInstanceWithCaller(Constructor.java:500)
at java.base/java.lang.reflect.Constructor.newInstance(Constructor.java:481)
at org.openqa.selenium.remote.ErrorCodec.decode(ErrorCodec.java:167)
at org.openqa.selenium.remote.codec.w3c.W3CHttpResponseCodec.decode(W3CHttpResponseCodec.java:138)
at org.openqa.selenium.remote.codec.w3c.W3CHttpResponseCodec.decode(W3CHttpResponseCodec.java:50)
at org.openqa.selenium.remote.HttpCommandExecutor.execute(HttpCommandExecutor.java:215)
at org.openqa.selenium.remote.service.DriverCommandExecutor.invokeExecute(DriverCommandExecutor.java:216)
at org.openqa.selenium.remote.service.DriverCommandExecutor.execute(DriverCommandExecutor.java:174)
at org.openqa.selenium.remote.RemoteWebDriver.execute(RemoteWebDriver.java:544)
at org.openqa.selenium.remote.ElementLocation$ElementFinder$2.findElement(ElementLocation.java:165)
at org.openqa.selenium.remote.ElementLocation.findElement(ElementLocation.java:59)
at org.openqa.selenium.remote.RemoteWebDriver.findElement(RemoteWebDriver.java:367)
at org.openqa.selenium.remote.RemoteWebDriver.findElement(RemoteWebDriver.java:361)
at org.openqa.selenium.support.pagefactory.DefaultElementLocator.findElement(DefaultElementLocator.java:68)
at org.openqa.selenium.support.pagefactory.internal.LocatingElementHandler.invoke(LocatingElementHandler.java:38)
at jdk.proxy2/jdk.proxy2.$Proxy25.isDisplayed(Unknown Source)
at org.openqa.selenium.support.ui.ExpectedConditions.elementIfVisible(ExpectedConditions.java:304)
at org.openqa.selenium.support.ui.ExpectedConditions$10.apply(ExpectedConditions.java:290)
at org.openqa.selenium.support.ui.ExpectedConditions$10.apply(ExpectedConditions.java:287)
at org.openqa.selenium.support.ui.ExpectedConditions$23.apply(ExpectedConditions.java:656)
at org.openqa.selenium.support.ui.ExpectedConditions$23.apply(ExpectedConditions.java:652)
at org.openqa.selenium.support.ui.FluentWait.until(FluentWait.java:203)
at com.pages.PartialTextDataPage.enterPartialText(PartialTextDataPage.java:56)
at com.stepDefinition.FlightTest.the_user_enters_partial_city_name_in_from_field_and_to_field(FlightTest.java:208)
at ✽.the user enters partial city name in From field and To field(file:///C:/Sprint-workspace/ixigo/src/test/resource/Features/Flight.feature:40)
]]>
            </full-stacktrace>
          </exception> <!-- org.openqa.selenium.NoSuchSessionException -->
          <reporter-output>
          </reporter-output>
        </test-method> <!-- runScenario -->
        <test-method is-config="true" signature="tearDownClass()[pri:0, instance:com.runner.TestRunnerTestNG@4f32a3ad]" started-at="2025-07-11T14:37:36 IST" name="tearDownClass" finished-at="2025-07-11T14:37:37 IST" duration-ms="1173" status="PASS">
          <reporter-output>
          </reporter-output>
        </test-method> <!-- tearDownClass -->
      </class> <!-- com.runner.TestRunnerTestNG -->
    </test> <!-- Default test -->
  </suite> <!-- Default suite -->
</testng-results>
