<?xml version="1.0" encoding="UTF-8"?>
<testng-results ignored="0" total="7" passed="7" failed="0" skipped="0">
  <reporter-output>
  </reporter-output>
  <suite started-at="2025-07-11T09:17:52 IST" name="Default suite" finished-at="2025-07-11T09:20:06 IST" duration-ms="133790">
    <groups>
      <group name="cucumber">
        <method signature="AbstractTestNGCucumberTests.runScenario(io.cucumber.testng.PickleWrapper,io.cucumber.testng.FeatureWrapper)[pri:0, instance:com.runner.TestRunnerTestNG@55de24cc]" name="runScenario" class="io.cucumber.testng.AbstractTestNGCucumberTests"/>
      </group> <!-- cucumber -->
    </groups>
    <test started-at="2025-07-11T09:17:52 IST" name="Default test" finished-at="2025-07-11T09:20:06 IST" duration-ms="133790">
      <class name="com.runner.TestRunnerTestNG">
        <test-method is-config="true" signature="setUpClass(org.testng.ITestContext)[pri:0, instance:com.runner.TestRunnerTestNG@55de24cc]" started-at="2025-07-11T09:17:52 IST" name="setUpClass" finished-at="2025-07-11T09:17:54 IST" duration-ms="2245" status="PASS">
          <params>
            <param index="0">
              <value>
                <![CDATA[org.testng.TestRunner@75ac326f]]>
              </value>
            </param>
          </params>
          <reporter-output>
          </reporter-output>
        </test-method> <!-- setUpClass -->
        <test-method signature="runScenario(io.cucumber.testng.PickleWrapper,io.cucumber.testng.FeatureWrapper)[pri:0, instance:com.runner.TestRunnerTestNG@55de24cc]" started-at="2025-07-11T09:17:54 IST" name="runScenario" description="Runs Cucumber Scenarios" data-provider="scenarios" finished-at="2025-07-11T09:18:14 IST" duration-ms="19753" status="PASS">
          <params>
            <param index="0">
              <value>
                <![CDATA["Validate correct train list appears for valid stations"]]>
              </value>
            </param>
            <param index="1">
              <value>
                <![CDATA["Ixigo Train Search Module"]]>
              </value>
            </param>
          </params>
          <reporter-output>
          </reporter-output>
        </test-method> <!-- runScenario -->
        <test-method signature="runScenario(io.cucumber.testng.PickleWrapper,io.cucumber.testng.FeatureWrapper)[pri:0, instance:com.runner.TestRunnerTestNG@55de24cc]" started-at="2025-07-11T09:18:14 IST" name="runScenario" description="Runs Cucumber Scenarios" data-provider="scenarios" finished-at="2025-07-11T09:18:27 IST" duration-ms="13183" status="PASS">
          <params>
            <param index="0">
              <value>
                <![CDATA["Validate error when same station is entered in From and To field"]]>
              </value>
            </param>
            <param index="1">
              <value>
                <![CDATA["Ixigo Train Search Module"]]>
              </value>
            </param>
          </params>
          <reporter-output>
          </reporter-output>
        </test-method> <!-- runScenario -->
        <test-method signature="runScenario(io.cucumber.testng.PickleWrapper,io.cucumber.testng.FeatureWrapper)[pri:0, instance:com.runner.TestRunnerTestNG@55de24cc]" started-at="2025-07-11T09:18:27 IST" name="runScenario" description="Runs Cucumber Scenarios" data-provider="scenarios" finished-at="2025-07-11T09:18:51 IST" duration-ms="23535" status="PASS">
          <params>
            <param index="0">
              <value>
                <![CDATA["User checks seat availability after searching trains"]]>
              </value>
            </param>
            <param index="1">
              <value>
                <![CDATA["Ixigo Train Search Module"]]>
              </value>
            </param>
          </params>
          <reporter-output>
          </reporter-output>
        </test-method> <!-- runScenario -->
        <test-method signature="runScenario(io.cucumber.testng.PickleWrapper,io.cucumber.testng.FeatureWrapper)[pri:0, instance:com.runner.TestRunnerTestNG@55de24cc]" started-at="2025-07-11T09:18:51 IST" name="runScenario" description="Runs Cucumber Scenarios" data-provider="scenarios" finished-at="2025-07-11T09:19:17 IST" duration-ms="26236" status="PASS">
          <params>
            <param index="0">
              <value>
                <![CDATA["User applies quota and class filter"]]>
              </value>
            </param>
            <param index="1">
              <value>
                <![CDATA["Ixigo Train Search Module"]]>
              </value>
            </param>
          </params>
          <reporter-output>
          </reporter-output>
        </test-method> <!-- runScenario -->
        <test-method signature="runScenario(io.cucumber.testng.PickleWrapper,io.cucumber.testng.FeatureWrapper)[pri:0, instance:com.runner.TestRunnerTestNG@55de24cc]" started-at="2025-07-11T09:19:17 IST" name="runScenario" description="Runs Cucumber Scenarios" data-provider="scenarios" finished-at="2025-07-11T09:19:33 IST" duration-ms="15960" status="PASS">
          <params>
            <param index="0">
              <value>
                <![CDATA["Verify swapping source and destination in train search"]]>
              </value>
            </param>
            <param index="1">
              <value>
                <![CDATA["Ixigo Train Search Module"]]>
              </value>
            </param>
          </params>
          <reporter-output>
          </reporter-output>
        </test-method> <!-- runScenario -->
        <test-method signature="runScenario(io.cucumber.testng.PickleWrapper,io.cucumber.testng.FeatureWrapper)[pri:0, instance:com.runner.TestRunnerTestNG@55de24cc]" started-at="2025-07-11T09:19:33 IST" name="runScenario" description="Runs Cucumber Scenarios" data-provider="scenarios" finished-at="2025-07-11T09:19:48 IST" duration-ms="15029" status="PASS">
          <params>
            <param index="0">
              <value>
                <![CDATA["Search train with invalid station input"]]>
              </value>
            </param>
            <param index="1">
              <value>
                <![CDATA["Ixigo Train Search Module"]]>
              </value>
            </param>
          </params>
          <reporter-output>
          </reporter-output>
        </test-method> <!-- runScenario -->
        <test-method signature="runScenario(io.cucumber.testng.PickleWrapper,io.cucumber.testng.FeatureWrapper)[pri:0, instance:com.runner.TestRunnerTestNG@55de24cc]" started-at="2025-07-11T09:19:48 IST" name="runScenario" description="Runs Cucumber Scenarios" data-provider="scenarios" finished-at="2025-07-11T09:20:04 IST" duration-ms="16114" status="PASS">
          <params>
            <param index="0">
              <value>
                <![CDATA["Search train with invalid station input"]]>
              </value>
            </param>
            <param index="1">
              <value>
                <![CDATA["Ixigo Train Search Module"]]>
              </value>
            </param>
          </params>
          <reporter-output>
          </reporter-output>
        </test-method> <!-- runScenario -->
        <test-method is-config="true" signature="tearDownClass()[pri:0, instance:com.runner.TestRunnerTestNG@55de24cc]" started-at="2025-07-11T09:20:04 IST" name="tearDownClass" finished-at="2025-07-11T09:20:06 IST" duration-ms="1571" status="PASS">
          <reporter-output>
          </reporter-output>
        </test-method> <!-- tearDownClass -->
      </class> <!-- com.runner.TestRunnerTestNG -->
    </test> <!-- Default test -->
  </suite> <!-- Default suite -->
</testng-results>
