<?xml version="1.0" encoding="UTF-8"?>
<!-- Generated by org.testng.reporters.JUnitReportReporter -->
<testsuite hostname="LIN-5CG11561LZ" failures="0" tests="1" name="com.runner.TestRunnerTestNG" time="0.566" errors="1" timestamp="2025-07-10T17:37:36 IST" skipped="0">
  <testcase classname="com.runner.TestRunnerTestNG" name="runScenario" time="0.566">
    <error message="Cannot invoke &quot;org.openqa.selenium.TakesScreenshot.getScreenshotAs(org.openqa.selenium.OutputType)&quot; because &quot;this.driver&quot; is null" type="java.lang.NullPointerException">
      <![CDATA[java.lang.NullPointerException: Cannot invoke "org.openqa.selenium.TakesScreenshot.getScreenshotAs(org.openqa.selenium.OutputType)" because "this.driver" is null
at com.stepDefinition.FlightTest.tearDown(FlightTest.java:197)
]]>
    </error>
  </testcase> <!-- runScenario -->
</testsuite> <!-- com.runner.TestRunnerTestNG -->
