<?xml version="1.0" encoding="UTF-8"?>
<testsuite name="Cucumber" time="0.807" tests="1" skipped="0" failures="1" errors="0" timestamp="2025-07-10T12:07:34.024215300Z">
<testcase classname="Ixigo Flight Search Module" name="Search one-way flight with valid details" time="0.348">
<failure type="java.lang.NullPointerException" message="Cannot invoke &quot;org.openqa.selenium.TakesScreenshot.getScreenshotAs(org.openqa.selenium.OutputType)&quot; because &quot;this.driver&quot; is null">
<![CDATA[java.lang.NullPointerException: Cannot invoke "org.openqa.selenium.TakesScreenshot.getScreenshotAs(org.openqa.selenium.OutputType)" because "this.driver" is null
	at com.stepDefinition.FlightTest.tearDown(FlightTest.java:197)
]]>
</failure>
<system-out><![CDATA[
Given User is logged into Ixigo application.................................passed
And User is on the flight search page.......................................skipped
When User selects one way trip..............................................skipped
And User enters city in the From field......................................skipped
And User enters city in the To field........................................skipped
And User selects a future departure date....................................skipped
And User clicks on Search flights...........................................skipped
Then User is redirected to result page with available flights...............skipped
]]></system-out>
</testcase>
</testsuite>
