<?xml version="1.0" encoding="UTF-8"?>
<testng-results ignored="0" total="1" passed="0" failed="1" skipped="0">
  <reporter-output>
  </reporter-output>
  <suite started-at="2025-07-10T17:37:32 IST" name="Default suite" finished-at="2025-07-10T17:37:35 IST" duration-ms="3701">
    <groups>
      <group name="cucumber">
        <method signature="AbstractTestNGCucumberTests.runScenario(io.cucumber.testng.PickleWrapper,io.cucumber.testng.FeatureWrapper)[pri:0, instance:com.runner.TestRunnerTestNG@4f32a3ad]" name="runScenario" class="io.cucumber.testng.AbstractTestNGCucumberTests"/>
      </group> <!-- cucumber -->
    </groups>
    <test started-at="2025-07-10T17:37:32 IST" name="Default test" finished-at="2025-07-10T17:37:35 IST" duration-ms="3701">
      <class name="com.runner.TestRunnerTestNG">
        <test-method is-config="true" signature="setUpClass(org.testng.ITestContext)[pri:0, instance:com.runner.TestRunnerTestNG@4f32a3ad]" started-at="2025-07-10T17:37:32 IST" name="setUpClass" finished-at="2025-07-10T17:37:34 IST" duration-ms="2077" status="PASS">
          <params>
            <param index="0">
              <value>
                <![CDATA[org.testng.TestRunner@354e7004]]>
              </value>
            </param>
          </params>
          <reporter-output>
          </reporter-output>
        </test-method> <!-- setUpClass -->
        <test-method signature="runScenario(io.cucumber.testng.PickleWrapper,io.cucumber.testng.FeatureWrapper)[pri:0, instance:com.runner.TestRunnerTestNG@4f32a3ad]" started-at="2025-07-10T17:37:34 IST" name="runScenario" description="Runs Cucumber Scenarios" data-provider="scenarios" finished-at="2025-07-10T17:37:34 IST" duration-ms="566" status="FAIL">
          <params>
            <param index="0">
              <value>
                <![CDATA["Search one-way flight with valid details"]]>
              </value>
            </param>
            <param index="1">
              <value>
                <![CDATA["Ixigo Flight Search Module"]]>
              </value>
            </param>
          </params>
          <exception class="java.lang.NullPointerException">
            <message>
              <![CDATA[Cannot invoke "org.openqa.selenium.TakesScreenshot.getScreenshotAs(org.openqa.selenium.OutputType)" because "this.driver" is null]]>
            </message>
            <full-stacktrace>
              <![CDATA[java.lang.NullPointerException: Cannot invoke "org.openqa.selenium.TakesScreenshot.getScreenshotAs(org.openqa.selenium.OutputType)" because "this.driver" is null
at com.stepDefinition.FlightTest.tearDown(FlightTest.java:197)
]]>
            </full-stacktrace>
          </exception> <!-- java.lang.NullPointerException -->
          <reporter-output>
          </reporter-output>
        </test-method> <!-- runScenario -->
        <test-method is-config="true" signature="tearDownClass()[pri:0, instance:com.runner.TestRunnerTestNG@4f32a3ad]" started-at="2025-07-10T17:37:34 IST" name="tearDownClass" finished-at="2025-07-10T17:37:35 IST" duration-ms="959" status="PASS">
          <reporter-output>
          </reporter-output>
        </test-method> <!-- tearDownClass -->
      </class> <!-- com.runner.TestRunnerTestNG -->
    </test> <!-- Default test -->
  </suite> <!-- Default suite -->
</testng-results>
