<?xml version="1.0" encoding="UTF-8"?>
<!-- Generated by org.testng.reporters.JUnitReportReporter -->
<testsuite hostname="LIN-5CG11561SC" failures="0" tests="7" name="com.runner.TestRunnerTestNG" time="129.810" errors="0" timestamp="2025-07-11T09:20:07 IST" skipped="0">
  <testcase classname="com.runner.TestRunnerTestNG" name="runScenario" time="23.535"/>
  <testcase classname="com.runner.TestRunnerTestNG" name="runScenario" time="13.183"/>
  <testcase classname="com.runner.TestRunnerTestNG" name="runScenario" time="15.960"/>
  <testcase classname="com.runner.TestRunnerTestNG" name="runScenario" time="16.114"/>
  <testcase classname="com.runner.TestRunnerTestNG" name="runScenario" time="19.753"/>
  <testcase classname="com.runner.TestRunnerTestNG" name="runScenario" time="15.029"/>
  <testcase classname="com.runner.TestRunnerTestNG" name="runScenario" time="26.236"/>
</testsuite> <!-- com.runner.TestRunnerTestNG -->
