<?xml version="1.0" encoding="UTF-8"?>
<!-- Generated by org.testng.reporters.JUnitReportReporter -->
<testsuite hostname="LIN-5CG05247T0" failures="0" tests="5" name="com.runner.TestRunnerWithTestNG" time="98.897" errors="0" timestamp="2025-07-09T16:02:11 IST" skipped="0">
  <testcase classname="com.runner.TestRunnerWithTestNG" name="runScenario" time="30.745"/>
  <testcase classname="com.runner.TestRunnerWithTestNG" name="runScenario" time="21.878"/>
  <testcase classname="com.runner.TestRunnerWithTestNG" name="runScenario" time="26.591"/>
  <testcase classname="com.runner.TestRunnerWithTestNG" name="runScenario" time="8.664"/>
  <testcase classname="com.runner.TestRunnerWithTestNG" name="runScenario" time="11.019"/>
</testsuite> <!-- com.runner.TestRunnerWithTestNG -->
